<?xml version="1.0" encoding="UTF-8"?>
<!-- Generated by org.testng.reporters.JUnitXMLReporter -->
<testsuite ignored="0" hostname="DESKTOP-U3GQNCU" failures="0" tests="2" name="Linux-Firfox" time="220.898" errors="0" timestamp="2025-04-07T02:10:24 IST">
  <testcase classname="testCases.TC001_AccountRegistrationTest" name="verify_Account_Registration" time="5.31"/>
  <testcase classname="testCases.TC002_LoginTest" name="verfy_Login" time="0.008">
    <skipped/>
  </testcase> <!-- verfy_Login -->
</testsuite> <!-- Linux-Firfox -->
