<?xml version="1.0" encoding="UTF-8"?>
<!-- Generated by org.testng.reporters.JUnitXMLReporter -->
<testsuite ignored="0" hostname="DESKTOP-U3GQNCU" failures="0" tests="2" name="Linux-Firefox" time="199.085" errors="0" timestamp="2025-04-07T03:10:02 IST">
  <testcase classname="testCases.TC001_AccountRegistrationTest" name="verify_Account_Registration" time="3.168"/>
  <testcase classname="testCases.TC002_LoginTest" name="verfy_Login" time="0.001">
    <skipped/>
  </testcase> <!-- verfy_Login -->
</testsuite> <!-- Linux-Firefox -->
