<?xml version="1.0" encoding="UTF-8"?>
<testsuite xmlns:xsi="http://www.w3.org/2001/XMLSchema-instance" xsi:noNamespaceSchemaLocation="https://maven.apache.org/surefire/maven-surefire-plugin/xsd/surefire-test-report.xsd" version="3.0.2" name="TestSuite" time="21.225" tests="2" errors="0" skipped="0" failures="0">
  <properties>
[...]
</properties>
  <testcase name="verify_Account_Registration" classname="testCases.TC001_AccountRegistrationTest" time="3.363">
    <system-out><![CDATA[2025-04-07T12:30:49.594314Z main INFO Starting configuration XmlConfiguration[location=C:\Users\ADMIN\eclipse-workspace\OpenCartProject\target\test-classes\log4j2.xml, lastModified=2025-04-07T08:38:14.187Z]...
2025-04-07T12:30:49.599316200Z main INFO Start watching for changes to C:\Users\ADMIN\eclipse-workspace\OpenCartProject\target\test-classes\log4j2.xml every 0 seconds
2025-04-07T12:30:49.599316200Z main INFO Configuration XmlConfiguration[location=C:\Users\ADMIN\eclipse-workspace\OpenCartProject\target\test-classes\log4j2.xml, lastModified=2025-04-07T08:38:14.187Z] started.
2025-04-07T12:30:49.606314700Z main INFO Stopping configuration org.apache.logging.log4j.core.config.DefaultConfiguration@2fd6b6c7...
2025-04-07T12:30:49.606314700Z main INFO Configuration org.apache.logging.log4j.core.config.DefaultConfiguration@2fd6b6c7 stopped.
]]></system-out>
    <system-err><![CDATA[Apr 07, 2025 6:00:54 PM org.openqa.selenium.devtools.CdpVersionFinder findNearestMatch
WARNING: Unable to find an exact match for CDP version 135, returning the closest version; found: 134; Please update to a Selenium version that supports CDP version 135
]]></system-err>
  </testcase>
  <testcase name="verfy_Login" classname="testCases.TC002_LoginTest" time="3.329">
    <system-err><![CDATA[Apr 07, 2025 6:01:02 PM org.openqa.selenium.devtools.CdpVersionFinder findNearestMatch
WARNING: Unable to find an exact match for CDP version 135, returning the closest version; found: 134; Please update to a Selenium version that supports CDP version 135
]]></system-err>
  </testcase>
</testsuite>